2025-01-26 14:28:36,839 
=== Stocker PLC Data Area ===
2025-01-26 14:28:36,856 Bunker ID: 0
2025-01-26 14:28:36,856 Stocker ID: 27
2025-01-26 14:28:36,856 Gas Stocker 가스 종류: [16, 5, 4, 8, 2]
2025-01-26 14:28:36,856 Stocker Alarm Code: 0
2025-01-26 14:28:36,856 X축 현재값: 0
2025-01-26 14:28:36,856 Z축 현재값: 64
2025-01-26 14:28:36,856 Cap Unit 축 보호캡 분리 Torque 설정값: 673
2025-01-26 14:28:36,856 Cap Unit 축 보호캡 체결 Torque 설정값: 58
2025-01-26 14:28:36,857 [A] Port Barcode Data: ?SI0942GF9XYHVJK2A7PDDA7Q2ON1Z
2025-01-26 14:28:36,857 [B] Port Barcode Data: X1BJ0DYWV5LRZ80NZOZLMJD21APUC6
2025-01-26 14:28:36,857 [A] Port 가스 종류: [77, 1, 4, 3, 6]
2025-01-26 14:28:36,857 [B] Port 가스 종류: [2, 3, 6, 10, 7]
2025-01-26 14:28:36,859 ==================
2025-01-26 14:28:36,859 
=== Stocker Bit Area Data ===
2025-01-26 14:28:36,859 
[100] Basic Signals:
2025-01-26 14:28:36,859 EMG Signal: False
2025-01-26 14:28:36,859 Heart Bit: False
2025-01-26 14:28:36,859 Run/Stop Signal: True
2025-01-26 14:28:36,859 Server Connected Bit: False
2025-01-26 14:28:36,859 T-LAMP RED: False
2025-01-26 14:28:36,859 T-LAMP YELLOW: False
2025-01-26 14:28:36,859 T-LAMP GREEN: False
2025-01-26 14:28:36,859 Touch 수동동작中 Signal: False
2025-01-26 14:28:36,860 
[105] Door and Cylinder Status:
2025-01-26 14:28:36,860 [A] Port 실린더 유무: False
2025-01-26 14:28:36,860 [B] Port 실린더 유무: False
2025-01-26 14:28:36,860 [A] Worker Door Open: False
2025-01-26 14:28:36,860 [A] Worker Door Close: False
2025-01-26 14:28:36,860 [A] Bunker Door Open: False
2025-01-26 14:28:36,860 [A] Bunker Door Close: False
2025-01-26 14:28:36,860 [B] Worker Door Open: False
2025-01-26 14:28:36,860 [B] Worker Door Close: False
2025-01-26 14:28:36,860 [B] Bunker Door Open: False
2025-01-26 14:28:36,860 [B] Bunker Door Close: False
2025-01-26 14:28:36,861 
[110] [A] Port Operation Status:
2025-01-26 14:28:36,861 [A] Port 보호캡 분리 완료: False
2025-01-26 14:28:36,861 [A] Port 보호캡 체결 완료: False
2025-01-26 14:28:36,861 [A] Worker Door Open 완료: False
2025-01-26 14:28:36,861 [A] Worker Door Close 완료: False
2025-01-26 14:28:36,861 [A] Worker 투입 Ready: False
2025-01-26 14:28:36,861 [A] Worker 투입 Complete: False
2025-01-26 14:28:36,861 [A] Worker 배출 Ready: False
2025-01-26 14:28:36,861 [A] Worker 배출 Comlete: False
2025-01-26 14:28:36,861 [A] Bunker Door Open 완료: False
2025-01-26 14:28:36,861 [A] Bunker Door Close 완료: False
2025-01-26 14:28:36,862 [A] Bunker 투입 Ready: False
2025-01-26 14:28:36,862 [A] Bunker 투입 Complete: False
2025-01-26 14:28:36,862 [A] Bunker 배출 Ready: False
2025-01-26 14:28:36,862 [A] Bunker 배출 Comlete: False
2025-01-26 14:28:36,862 [A] Cylinder Align 진행중: False
2025-01-26 14:28:36,862 [A] Cylinder Align 완료: False
2025-01-26 14:28:36,862 
[111] [A] Port Detailed Status:
2025-01-26 14:28:36,862 [A] Cap Open 진행중: False
2025-01-26 14:28:36,863 [A] Cap Close 진행중: False
2025-01-26 14:28:36,863 [A] Cylinder 위치로 X축 이동중: False
2025-01-26 14:28:36,863 [A] Cylinder 위치로 X축 이동완료: False
2025-01-26 14:28:36,863 [A] Cap 위치 찾는중: False
2025-01-26 14:28:36,863 [A] Cylinder Neck 위치 찾는중: False
2025-01-26 14:28:36,863 [A] Worker door Open 진행중: False
2025-01-26 14:28:36,863 [A] Worker door Close 진행중: False
2025-01-26 14:28:36,863 [A] Bunker door Open 진행중: False
2025-01-26 14:28:36,864 [A] Bunker door Close 진행중: False
2025-01-26 14:28:36,864 
[115] [B] Port Operation Status:
2025-01-26 14:28:36,864 [B] Port 보호캡 분리 완료: False
2025-01-26 14:28:36,864 [B] Port 보호캡 체결 완료: False
2025-01-26 14:28:36,864 [B] Worker Door Open 완료: False
2025-01-26 14:28:36,864 [B] Worker Door Close 완료: False
2025-01-26 14:28:36,864 [B] Worker 투입 Ready: False
2025-01-26 14:28:36,864 [B] Worker 투입 Complete: False
2025-01-26 14:28:36,864 [B] Worker 배출 Ready: False
2025-01-26 14:28:36,865 [B] Worker 배출 Comlete: False
2025-01-26 14:28:36,865 [B] Bunker Door Open 완료: False
2025-01-26 14:28:36,865 [B] Bunker Door Close 완료: False
2025-01-26 14:28:36,865 [B] Bunker 투입 Ready: False
2025-01-26 14:28:36,865 [B] Bunker 투입 Complete: False
2025-01-26 14:28:36,865 [B] Bunker 배출 Ready: False
2025-01-26 14:28:36,865 [B] Bunker 배출 Comlete: False
2025-01-26 14:28:36,865 [B] Cylinder Align 진행중: False
2025-01-26 14:28:36,865 [B] Cylinder Align 완료: False
2025-01-26 14:28:36,865 
[116] [B] Port Detailed Status:
2025-01-26 14:28:36,865 [B] Cap Open 진행중: False
2025-01-26 14:28:36,866 [B] Cap Close 진행중: False
2025-01-26 14:28:36,866 [B] Cylinder 위치로 X축 이동중: False
2025-01-26 14:28:36,866 [B] Cylinder 위치로 X축 이동완료: False
2025-01-26 14:28:36,866 [B] Cap 위치 찾는중: False
2025-01-26 14:28:36,866 [B] Cylinder Neck 위치 찾는중: False
2025-01-26 14:28:36,866 [B] Worker door Open 진행중: False
2025-01-26 14:28:36,866 [B] Worker door Close 진행중: False
2025-01-26 14:28:36,866 [B] Bunker door Open 진행중: False
2025-01-26 14:28:36,866 [B] Bunker door Close 진행중: False
2025-01-26 14:28:41,874 
=== Stocker PLC Data Area ===
2025-01-26 14:28:41,875 Bunker ID: 0
2025-01-26 14:28:41,875 Stocker ID: 96
2025-01-26 14:28:41,875 Gas Stocker 가스 종류: [82, 1, 4, 3, 5]
2025-01-26 14:28:41,876 Stocker Alarm Code: 0
2025-01-26 14:28:41,876 X축 현재값: 0
2025-01-26 14:28:41,876 Z축 현재값: 667
2025-01-26 14:28:41,877 Cap Unit 축 보호캡 분리 Torque 설정값: 392
2025-01-26 14:28:41,877 Cap Unit 축 보호캡 체결 Torque 설정값: 4
2025-01-26 14:28:41,877 [A] Port Barcode Data: ?FUPJMPTE3QO68PD9AF3T74IKFIOGU
2025-01-26 14:28:41,878 [B] Port Barcode Data: 0U8LWIOIDQ4Z7YB5WBWXHYSBR66ZFZ
2025-01-26 14:28:41,878 [A] Port 가스 종류: [57, 8, 10, 6, 5]
2025-01-26 14:28:41,878 [B] Port 가스 종류: [10, 3, 1, 6, 10]
2025-01-26 14:28:41,879 ==================
2025-01-26 14:28:41,879 
=== Stocker Bit Area Data ===
2025-01-26 14:28:41,879 
[100] Basic Signals:
2025-01-26 14:28:41,879 EMG Signal: True
2025-01-26 14:28:41,880 Heart Bit: False
2025-01-26 14:28:41,880 Run/Stop Signal: False
2025-01-26 14:28:41,880 Server Connected Bit: False
2025-01-26 14:28:41,880 T-LAMP RED: False
2025-01-26 14:28:41,881 T-LAMP YELLOW: False
2025-01-26 14:28:41,881 T-LAMP GREEN: False
2025-01-26 14:28:41,881 Touch 수동동작中 Signal: False
2025-01-26 14:28:41,881 
[105] Door and Cylinder Status:
2025-01-26 14:28:41,882 [A] Port 실린더 유무: False
2025-01-26 14:28:41,882 [B] Port 실린더 유무: False
2025-01-26 14:28:41,885 [A] Worker Door Open: False
2025-01-26 14:28:41,885 [A] Worker Door Close: False
2025-01-26 14:28:41,885 [A] Bunker Door Open: False
2025-01-26 14:28:41,885 [A] Bunker Door Close: False
2025-01-26 14:28:41,885 [B] Worker Door Open: False
2025-01-26 14:28:41,885 [B] Worker Door Close: False
2025-01-26 14:28:41,886 [B] Bunker Door Open: False
2025-01-26 14:28:41,886 [B] Bunker Door Close: False
2025-01-26 14:28:41,886 
[110] [A] Port Operation Status:
2025-01-26 14:28:41,886 [A] Port 보호캡 분리 완료: False
2025-01-26 14:28:41,886 [A] Port 보호캡 체결 완료: False
2025-01-26 14:28:41,886 [A] Worker Door Open 완료: False
2025-01-26 14:28:41,886 [A] Worker Door Close 완료: False
2025-01-26 14:28:41,887 [A] Worker 투입 Ready: False
2025-01-26 14:28:41,887 [A] Worker 투입 Complete: False
2025-01-26 14:28:41,887 [A] Worker 배출 Ready: False
2025-01-26 14:28:41,887 [A] Worker 배출 Comlete: False
2025-01-26 14:28:41,887 [A] Bunker Door Open 완료: False
2025-01-26 14:28:41,887 [A] Bunker Door Close 완료: False
2025-01-26 14:28:41,887 [A] Bunker 투입 Ready: False
2025-01-26 14:28:41,887 [A] Bunker 투입 Complete: False
2025-01-26 14:28:41,888 [A] Bunker 배출 Ready: False
2025-01-26 14:28:41,888 [A] Bunker 배출 Comlete: False
2025-01-26 14:28:41,888 [A] Cylinder Align 진행중: False
2025-01-26 14:28:41,888 [A] Cylinder Align 완료: False
2025-01-26 14:28:41,888 
[111] [A] Port Detailed Status:
2025-01-26 14:28:41,888 [A] Cap Open 진행중: False
2025-01-26 14:28:41,888 [A] Cap Close 진행중: False
2025-01-26 14:28:41,888 [A] Cylinder 위치로 X축 이동중: False
2025-01-26 14:28:41,888 [A] Cylinder 위치로 X축 이동완료: False
2025-01-26 14:28:41,888 [A] Cap 위치 찾는중: False
2025-01-26 14:28:41,889 [A] Cylinder Neck 위치 찾는중: False
2025-01-26 14:28:41,889 [A] Worker door Open 진행중: False
2025-01-26 14:28:41,889 [A] Worker door Close 진행중: False
2025-01-26 14:28:41,889 [A] Bunker door Open 진행중: False
2025-01-26 14:28:41,889 [A] Bunker door Close 진행중: False
2025-01-26 14:28:41,889 
[115] [B] Port Operation Status:
2025-01-26 14:28:41,889 [B] Port 보호캡 분리 완료: False
2025-01-26 14:28:41,889 [B] Port 보호캡 체결 완료: False
2025-01-26 14:28:41,889 [B] Worker Door Open 완료: False
2025-01-26 14:28:41,889 [B] Worker Door Close 완료: False
2025-01-26 14:28:41,890 [B] Worker 투입 Ready: False
2025-01-26 14:28:41,890 [B] Worker 투입 Complete: False
2025-01-26 14:28:41,890 [B] Worker 배출 Ready: False
2025-01-26 14:28:41,890 [B] Worker 배출 Comlete: False
2025-01-26 14:28:41,890 [B] Bunker Door Open 완료: False
2025-01-26 14:28:41,890 [B] Bunker Door Close 완료: False
2025-01-26 14:28:41,890 [B] Bunker 투입 Ready: False
2025-01-26 14:28:41,890 [B] Bunker 투입 Complete: False
2025-01-26 14:28:41,890 [B] Bunker 배출 Ready: False
2025-01-26 14:28:41,890 [B] Bunker 배출 Comlete: False
2025-01-26 14:28:41,891 [B] Cylinder Align 진행중: False
2025-01-26 14:28:41,891 [B] Cylinder Align 완료: False
2025-01-26 14:28:41,891 
[116] [B] Port Detailed Status:
2025-01-26 14:28:41,891 [B] Cap Open 진행중: False
2025-01-26 14:28:41,891 [B] Cap Close 진행중: False
2025-01-26 14:28:41,891 [B] Cylinder 위치로 X축 이동중: False
2025-01-26 14:28:41,891 [B] Cylinder 위치로 X축 이동완료: False
2025-01-26 14:28:41,891 [B] Cap 위치 찾는중: False
2025-01-26 14:28:41,892 [B] Cylinder Neck 위치 찾는중: False
2025-01-26 14:28:41,892 [B] Worker door Open 진행중: False
2025-01-26 14:28:41,892 [B] Worker door Close 진행중: False
2025-01-26 14:28:41,892 [B] Bunker door Open 진행중: False
2025-01-26 14:28:41,892 [B] Bunker door Close 진행중: False
2025-01-26 14:28:46,900 
=== Stocker PLC Data Area ===
2025-01-26 14:28:46,901 Bunker ID: 0
2025-01-26 14:28:46,902 Stocker ID: 28
2025-01-26 14:28:46,904 Gas Stocker 가스 종류: [49, 4, 7, 5, 5]
2025-01-26 14:28:46,905 Stocker Alarm Code: 0
2025-01-26 14:28:46,905 X축 현재값: 0
2025-01-26 14:28:46,906 Z축 현재값: 202
2025-01-26 14:28:46,907 Cap Unit 축 보호캡 분리 Torque 설정값: 470
2025-01-26 14:28:46,908 Cap Unit 축 보호캡 체결 Torque 설정값: 21
2025-01-26 14:28:46,908 [A] Port Barcode Data: ?0ZO1BB93T94POJQAE2J16NT5KEVJN
2025-01-26 14:28:46,909 [B] Port Barcode Data: 6JHB92QPI05RJUQLPAGX0R56T1E5TL
2025-01-26 14:28:46,910 [A] Port 가스 종류: [83, 7, 5, 8, 10]
2025-01-26 14:28:46,910 [B] Port 가스 종류: [3, 4, 10, 9, 4]
2025-01-26 14:28:46,911 ==================
2025-01-26 14:28:46,911 
=== Stocker Bit Area Data ===
2025-01-26 14:28:46,911 
[100] Basic Signals:
2025-01-26 14:28:46,911 EMG Signal: False
2025-01-26 14:28:46,911 Heart Bit: False
2025-01-26 14:28:46,911 Run/Stop Signal: True
2025-01-26 14:28:46,912 Server Connected Bit: False
2025-01-26 14:28:46,912 T-LAMP RED: False
2025-01-26 14:28:46,912 T-LAMP YELLOW: False
2025-01-26 14:28:46,912 T-LAMP GREEN: False
2025-01-26 14:28:46,913 Touch 수동동작中 Signal: False
2025-01-26 14:28:46,913 
[105] Door and Cylinder Status:
2025-01-26 14:28:46,913 [A] Port 실린더 유무: False
2025-01-26 14:28:46,913 [B] Port 실린더 유무: False
2025-01-26 14:28:46,913 [A] Worker Door Open: False
2025-01-26 14:28:46,913 [A] Worker Door Close: False
2025-01-26 14:28:46,913 [A] Bunker Door Open: False
2025-01-26 14:28:46,913 [A] Bunker Door Close: False
2025-01-26 14:28:46,913 [B] Worker Door Open: False
2025-01-26 14:28:46,914 [B] Worker Door Close: False
2025-01-26 14:28:46,914 [B] Bunker Door Open: False
2025-01-26 14:28:46,914 [B] Bunker Door Close: False
2025-01-26 14:28:46,914 
[110] [A] Port Operation Status:
2025-01-26 14:28:46,915 [A] Port 보호캡 분리 완료: False
2025-01-26 14:28:46,915 [A] Port 보호캡 체결 완료: False
2025-01-26 14:28:46,915 [A] Worker Door Open 완료: False
2025-01-26 14:28:46,915 [A] Worker Door Close 완료: False
2025-01-26 14:28:46,915 [A] Worker 투입 Ready: False
2025-01-26 14:28:46,915 [A] Worker 투입 Complete: False
2025-01-26 14:28:46,915 [A] Worker 배출 Ready: False
2025-01-26 14:28:46,915 [A] Worker 배출 Comlete: False
2025-01-26 14:28:46,916 [A] Bunker Door Open 완료: False
2025-01-26 14:28:46,916 [A] Bunker Door Close 완료: False
2025-01-26 14:28:46,916 [A] Bunker 투입 Ready: False
2025-01-26 14:28:46,916 [A] Bunker 투입 Complete: False
2025-01-26 14:28:46,916 [A] Bunker 배출 Ready: False
2025-01-26 14:28:46,916 [A] Bunker 배출 Comlete: False
2025-01-26 14:28:46,916 [A] Cylinder Align 진행중: False
2025-01-26 14:28:46,916 [A] Cylinder Align 완료: False
2025-01-26 14:28:46,917 
[111] [A] Port Detailed Status:
2025-01-26 14:28:46,917 [A] Cap Open 진행중: False
2025-01-26 14:28:46,917 [A] Cap Close 진행중: False
2025-01-26 14:28:46,917 [A] Cylinder 위치로 X축 이동중: False
2025-01-26 14:28:46,918 [A] Cylinder 위치로 X축 이동완료: False
2025-01-26 14:28:46,918 [A] Cap 위치 찾는중: False
2025-01-26 14:28:46,918 [A] Cylinder Neck 위치 찾는중: False
2025-01-26 14:28:46,918 [A] Worker door Open 진행중: False
2025-01-26 14:28:46,918 [A] Worker door Close 진행중: False
2025-01-26 14:28:46,918 [A] Bunker door Open 진행중: False
2025-01-26 14:28:46,918 [A] Bunker door Close 진행중: False
2025-01-26 14:28:46,918 
[115] [B] Port Operation Status:
2025-01-26 14:28:46,919 [B] Port 보호캡 분리 완료: False
2025-01-26 14:28:46,919 [B] Port 보호캡 체결 완료: False
2025-01-26 14:28:46,919 [B] Worker Door Open 완료: False
2025-01-26 14:28:46,919 [B] Worker Door Close 완료: False
2025-01-26 14:28:46,919 [B] Worker 투입 Ready: False
2025-01-26 14:28:46,919 [B] Worker 투입 Complete: False
2025-01-26 14:28:46,919 [B] Worker 배출 Ready: False
2025-01-26 14:28:46,919 [B] Worker 배출 Comlete: False
2025-01-26 14:28:46,919 [B] Bunker Door Open 완료: False
2025-01-26 14:28:46,919 [B] Bunker Door Close 완료: False
2025-01-26 14:28:46,920 [B] Bunker 투입 Ready: False
2025-01-26 14:28:46,920 [B] Bunker 투입 Complete: False
2025-01-26 14:28:46,920 [B] Bunker 배출 Ready: False
2025-01-26 14:28:46,920 [B] Bunker 배출 Comlete: False
2025-01-26 14:28:46,920 [B] Cylinder Align 진행중: False
2025-01-26 14:28:46,920 [B] Cylinder Align 완료: False
2025-01-26 14:28:46,921 
[116] [B] Port Detailed Status:
2025-01-26 14:28:46,921 [B] Cap Open 진행중: False
2025-01-26 14:28:46,921 [B] Cap Close 진행중: False
2025-01-26 14:28:46,921 [B] Cylinder 위치로 X축 이동중: False
2025-01-26 14:28:46,921 [B] Cylinder 위치로 X축 이동완료: False
2025-01-26 14:28:46,921 [B] Cap 위치 찾는중: False
2025-01-26 14:28:46,921 [B] Cylinder Neck 위치 찾는중: False
2025-01-26 14:28:46,921 [B] Worker door Open 진행중: False
2025-01-26 14:28:46,922 [B] Worker door Close 진행중: False
2025-01-26 14:28:46,922 [B] Bunker door Open 진행중: False
2025-01-26 14:28:46,922 [B] Bunker door Close 진행중: False
2025-01-26 14:28:51,930 
=== Stocker PLC Data Area ===
2025-01-26 14:28:51,932 Bunker ID: 0
2025-01-26 14:28:51,933 Stocker ID: 3
2025-01-26 14:28:51,935 Gas Stocker 가스 종류: [42, 6, 7, 5, 9]
2025-01-26 14:28:51,937 Stocker Alarm Code: 0
2025-01-26 14:28:51,938 X축 현재값: 0
2025-01-26 14:28:51,939 Z축 현재값: 392
2025-01-26 14:28:51,940 Cap Unit 축 보호캡 분리 Torque 설정값: 99
2025-01-26 14:28:51,941 Cap Unit 축 보호캡 체결 Torque 설정값: 86
2025-01-26 14:28:51,942 [A] Port Barcode Data: ?3GSLWMVHD20ELSI03KPGXSAGK186D
2025-01-26 14:28:51,942 [B] Port Barcode Data: EVFL1AGNBEX50O2JYT5FDUUHLANNB3
2025-01-26 14:28:51,942 [A] Port 가스 종류: [69, 7, 5, 7, 3]
2025-01-26 14:28:51,943 [B] Port 가스 종류: [4, 4, 7, 7, 5]
2025-01-26 14:28:51,943 ==================
2025-01-26 14:28:51,944 
=== Stocker Bit Area Data ===
2025-01-26 14:28:51,944 
[100] Basic Signals:
2025-01-26 14:28:51,944 EMG Signal: False
2025-01-26 14:28:51,944 Heart Bit: True
2025-01-26 14:28:51,945 Run/Stop Signal: True
2025-01-26 14:28:51,945 Server Connected Bit: False
2025-01-26 14:28:51,945 T-LAMP RED: False
2025-01-26 14:28:51,945 T-LAMP YELLOW: False
2025-01-26 14:28:51,945 T-LAMP GREEN: False
2025-01-26 14:28:51,946 Touch 수동동작中 Signal: False
2025-01-26 14:28:51,946 
[105] Door and Cylinder Status:
2025-01-26 14:28:51,946 [A] Port 실린더 유무: False
2025-01-26 14:28:51,946 [B] Port 실린더 유무: False
2025-01-26 14:28:51,947 [A] Worker Door Open: False
2025-01-26 14:28:51,947 [A] Worker Door Close: False
2025-01-26 14:28:51,947 [A] Bunker Door Open: False
2025-01-26 14:28:51,948 [A] Bunker Door Close: False
2025-01-26 14:28:51,948 [B] Worker Door Open: False
2025-01-26 14:28:51,948 [B] Worker Door Close: False
2025-01-26 14:28:51,948 [B] Bunker Door Open: False
2025-01-26 14:28:51,948 [B] Bunker Door Close: False
2025-01-26 14:28:51,949 
[110] [A] Port Operation Status:
2025-01-26 14:28:51,949 [A] Port 보호캡 분리 완료: False
2025-01-26 14:28:51,949 [A] Port 보호캡 체결 완료: False
2025-01-26 14:28:51,949 [A] Worker Door Open 완료: False
2025-01-26 14:28:51,949 [A] Worker Door Close 완료: False
2025-01-26 14:28:51,949 [A] Worker 투입 Ready: False
2025-01-26 14:28:51,950 [A] Worker 투입 Complete: False
2025-01-26 14:28:51,950 [A] Worker 배출 Ready: False
2025-01-26 14:28:51,950 [A] Worker 배출 Comlete: False
2025-01-26 14:28:51,950 [A] Bunker Door Open 완료: False
2025-01-26 14:28:51,950 [A] Bunker Door Close 완료: False
2025-01-26 14:28:51,950 [A] Bunker 투입 Ready: False
2025-01-26 14:28:51,950 [A] Bunker 투입 Complete: False
2025-01-26 14:28:51,950 [A] Bunker 배출 Ready: False
2025-01-26 14:28:51,951 [A] Bunker 배출 Comlete: False
2025-01-26 14:28:51,951 [A] Cylinder Align 진행중: False
2025-01-26 14:28:51,951 [A] Cylinder Align 완료: False
2025-01-26 14:28:51,951 
[111] [A] Port Detailed Status:
2025-01-26 14:28:51,951 [A] Cap Open 진행중: False
2025-01-26 14:28:51,951 [A] Cap Close 진행중: False
2025-01-26 14:28:51,951 [A] Cylinder 위치로 X축 이동중: False
2025-01-26 14:28:51,951 [A] Cylinder 위치로 X축 이동완료: False
2025-01-26 14:28:51,951 [A] Cap 위치 찾는중: False
2025-01-26 14:28:51,951 [A] Cylinder Neck 위치 찾는중: False
2025-01-26 14:28:51,952 [A] Worker door Open 진행중: False
2025-01-26 14:28:51,952 [A] Worker door Close 진행중: False
2025-01-26 14:28:51,952 [A] Bunker door Open 진행중: False
2025-01-26 14:28:51,952 [A] Bunker door Close 진행중: False
2025-01-26 14:28:51,952 
[115] [B] Port Operation Status:
2025-01-26 14:28:51,952 [B] Port 보호캡 분리 완료: False
2025-01-26 14:28:51,952 [B] Port 보호캡 체결 완료: False
2025-01-26 14:28:51,953 [B] Worker Door Open 완료: False
2025-01-26 14:28:51,953 [B] Worker Door Close 완료: False
2025-01-26 14:28:51,953 [B] Worker 투입 Ready: False
2025-01-26 14:28:51,953 [B] Worker 투입 Complete: False
2025-01-26 14:28:51,953 [B] Worker 배출 Ready: False
2025-01-26 14:28:51,953 [B] Worker 배출 Comlete: False
2025-01-26 14:28:51,953 [B] Bunker Door Open 완료: False
2025-01-26 14:28:51,953 [B] Bunker Door Close 완료: False
2025-01-26 14:28:51,953 [B] Bunker 투입 Ready: False
2025-01-26 14:28:51,954 [B] Bunker 투입 Complete: False
2025-01-26 14:28:51,954 [B] Bunker 배출 Ready: False
2025-01-26 14:28:51,954 [B] Bunker 배출 Comlete: False
2025-01-26 14:28:51,954 [B] Cylinder Align 진행중: False
2025-01-26 14:28:51,954 [B] Cylinder Align 완료: False
2025-01-26 14:28:51,954 
[116] [B] Port Detailed Status:
2025-01-26 14:28:51,954 [B] Cap Open 진행중: False
2025-01-26 14:28:51,954 [B] Cap Close 진행중: False
2025-01-26 14:28:51,954 [B] Cylinder 위치로 X축 이동중: False
2025-01-26 14:28:51,955 [B] Cylinder 위치로 X축 이동완료: False
2025-01-26 14:28:51,955 [B] Cap 위치 찾는중: False
2025-01-26 14:28:51,955 [B] Cylinder Neck 위치 찾는중: False
2025-01-26 14:28:51,955 [B] Worker door Open 진행중: False
2025-01-26 14:28:51,955 [B] Worker door Close 진행중: False
2025-01-26 14:28:51,955 [B] Bunker door Open 진행중: False
2025-01-26 14:28:51,955 [B] Bunker door Close 진행중: False
2025-01-26 14:28:56,964 
=== Stocker PLC Data Area ===
2025-01-26 14:28:56,965 Bunker ID: 0
2025-01-26 14:28:56,966 Stocker ID: 37
2025-01-26 14:28:56,966 Gas Stocker 가스 종류: [40, 4, 5, 1, 2]
2025-01-26 14:28:56,967 Stocker Alarm Code: 0
2025-01-26 14:28:56,968 X축 현재값: 0
2025-01-26 14:28:56,968 Z축 현재값: 936
2025-01-26 14:28:56,968 Cap Unit 축 보호캡 분리 Torque 설정값: 209
2025-01-26 14:28:56,969 Cap Unit 축 보호캡 체결 Torque 설정값: 88
2025-01-26 14:28:56,969 [A] Port Barcode Data: ?Q5Z9IAV7EZDQ08RV6IFWI4HRVH4S3
2025-01-26 14:28:56,969 [B] Port Barcode Data: DE2XE0ALVXQX9ID12QNV3YP2K6TOWR
2025-01-26 14:28:56,969 [A] Port 가스 종류: [75, 6, 6, 4, 5]
2025-01-26 14:28:56,969 [B] Port 가스 종류: [4, 6, 9, 8, 9]
2025-01-26 14:28:56,970 ==================
2025-01-26 14:28:56,970 
=== Stocker Bit Area Data ===
2025-01-26 14:28:56,970 
[100] Basic Signals:
2025-01-26 14:28:56,971 EMG Signal: False
2025-01-26 14:28:56,971 Heart Bit: True
2025-01-26 14:28:56,971 Run/Stop Signal: False
2025-01-26 14:28:56,971 Server Connected Bit: False
2025-01-26 14:28:56,972 T-LAMP RED: False
2025-01-26 14:28:56,972 T-LAMP YELLOW: False
2025-01-26 14:28:56,972 T-LAMP GREEN: False
2025-01-26 14:28:56,972 Touch 수동동작中 Signal: False
2025-01-26 14:28:56,972 
[105] Door and Cylinder Status:
2025-01-26 14:28:56,972 [A] Port 실린더 유무: False
2025-01-26 14:28:56,973 [B] Port 실린더 유무: False
2025-01-26 14:28:56,973 [A] Worker Door Open: False
2025-01-26 14:28:56,973 [A] Worker Door Close: False
2025-01-26 14:28:56,973 [A] Bunker Door Open: False
2025-01-26 14:28:56,973 [A] Bunker Door Close: False
2025-01-26 14:28:56,973 [B] Worker Door Open: False
2025-01-26 14:28:56,973 [B] Worker Door Close: False
2025-01-26 14:28:56,974 [B] Bunker Door Open: False
2025-01-26 14:28:56,974 [B] Bunker Door Close: False
2025-01-26 14:28:56,974 
[110] [A] Port Operation Status:
2025-01-26 14:28:56,974 [A] Port 보호캡 분리 완료: False
2025-01-26 14:28:56,974 [A] Port 보호캡 체결 완료: False
2025-01-26 14:28:56,974 [A] Worker Door Open 완료: False
2025-01-26 14:28:56,974 [A] Worker Door Close 완료: False
2025-01-26 14:28:56,974 [A] Worker 투입 Ready: False
2025-01-26 14:28:56,975 [A] Worker 투입 Complete: False
2025-01-26 14:28:56,975 [A] Worker 배출 Ready: False
2025-01-26 14:28:56,975 [A] Worker 배출 Comlete: False
2025-01-26 14:28:56,975 [A] Bunker Door Open 완료: False
2025-01-26 14:28:56,975 [A] Bunker Door Close 완료: False
2025-01-26 14:28:56,975 [A] Bunker 투입 Ready: False
2025-01-26 14:28:56,975 [A] Bunker 투입 Complete: False
2025-01-26 14:28:56,975 [A] Bunker 배출 Ready: False
2025-01-26 14:28:56,976 [A] Bunker 배출 Comlete: False
2025-01-26 14:28:56,976 [A] Cylinder Align 진행중: False
2025-01-26 14:28:56,976 [A] Cylinder Align 완료: False
2025-01-26 14:28:56,976 
[111] [A] Port Detailed Status:
2025-01-26 14:28:56,976 [A] Cap Open 진행중: False
2025-01-26 14:28:56,976 [A] Cap Close 진행중: False
2025-01-26 14:28:56,976 [A] Cylinder 위치로 X축 이동중: False
2025-01-26 14:28:56,977 [A] Cylinder 위치로 X축 이동완료: False
2025-01-26 14:28:56,977 [A] Cap 위치 찾는중: False
2025-01-26 14:28:56,977 [A] Cylinder Neck 위치 찾는중: False
2025-01-26 14:28:56,977 [A] Worker door Open 진행중: False
2025-01-26 14:28:56,978 [A] Worker door Close 진행중: False
2025-01-26 14:28:56,978 [A] Bunker door Open 진행중: False
2025-01-26 14:28:56,978 [A] Bunker door Close 진행중: False
2025-01-26 14:28:56,978 
[115] [B] Port Operation Status:
2025-01-26 14:28:56,978 [B] Port 보호캡 분리 완료: False
2025-01-26 14:28:56,978 [B] Port 보호캡 체결 완료: False
2025-01-26 14:28:56,978 [B] Worker Door Open 완료: False
2025-01-26 14:28:56,978 [B] Worker Door Close 완료: False
2025-01-26 14:28:56,979 [B] Worker 투입 Ready: False
2025-01-26 14:28:56,979 [B] Worker 투입 Complete: False
2025-01-26 14:28:56,979 [B] Worker 배출 Ready: False
2025-01-26 14:28:56,979 [B] Worker 배출 Comlete: False
2025-01-26 14:28:56,979 [B] Bunker Door Open 완료: False
2025-01-26 14:28:56,979 [B] Bunker Door Close 완료: False
2025-01-26 14:28:56,979 [B] Bunker 투입 Ready: False
2025-01-26 14:28:56,980 [B] Bunker 투입 Complete: False
2025-01-26 14:28:56,980 [B] Bunker 배출 Ready: False
2025-01-26 14:28:56,980 [B] Bunker 배출 Comlete: False
2025-01-26 14:28:56,980 [B] Cylinder Align 진행중: False
2025-01-26 14:28:56,980 [B] Cylinder Align 완료: False
2025-01-26 14:28:56,980 
[116] [B] Port Detailed Status:
2025-01-26 14:28:56,980 [B] Cap Open 진행중: False
2025-01-26 14:28:56,980 [B] Cap Close 진행중: False
2025-01-26 14:28:56,980 [B] Cylinder 위치로 X축 이동중: False
2025-01-26 14:28:56,980 [B] Cylinder 위치로 X축 이동완료: False
2025-01-26 14:28:56,981 [B] Cap 위치 찾는중: False
2025-01-26 14:28:56,981 [B] Cylinder Neck 위치 찾는중: False
2025-01-26 14:28:56,981 [B] Worker door Open 진행중: False
2025-01-26 14:28:56,981 [B] Worker door Close 진행중: False
2025-01-26 14:28:56,981 [B] Bunker door Open 진행중: False
2025-01-26 14:28:56,982 [B] Bunker door Close 진행중: False
