2025-01-25 19:40:59,640 
=== Gas Cabinet PLC Data Area ===
2025-01-25 19:40:59,656 Bunker ID: 0
2025-01-25 19:40:59,656 Gas Cabinet ID: 10
2025-01-25 19:40:59,656 Gas Cabinet 가스 종류: [7, 43, 39, 5, 41]
2025-01-25 19:40:59,657 
=== 시스템 상태 ===
2025-01-25 19:40:59,657 SEND AND RECEIVE FOR MACHINE CODE: 28
2025-01-25 19:40:59,657 Gas Cabinet Alarm Code: 79
2025-01-25 19:40:59,657 Gas Cabinet Alarm Message: Unknown Alarm Code
2025-01-25 19:40:59,657 
=== 센서 데이터 ===
2025-01-25 19:40:59,657 PT1A: 0 PSI
2025-01-25 19:40:59,658 PT2A: 457 PSI
2025-01-25 19:40:59,658 PT1B: 837 PSI
2025-01-25 19:40:59,658 PT2B: 925 PSI
2025-01-25 19:40:59,658 PT3: 800 PSI
2025-01-25 19:40:59,658 PT4: 513 PSI
2025-01-25 19:40:59,658 WA (A Port Weight): 429 kg
2025-01-25 19:40:59,660 WB (B Port Weight): 16 kg
2025-01-25 19:40:59,660 
=== 히터 상태 ===
2025-01-25 19:40:59,660 [A] JACKET HEATER: 20°C
2025-01-25 19:40:59,660 [A] LINE HEATER: 78°C
2025-01-25 19:40:59,660 [B] JACKET HEATER: 83°C
2025-01-25 19:40:59,661 [B] LINE HEATER: 33°C
2025-01-25 19:40:59,661 
=== A Port 데이터 ===
2025-01-25 19:40:59,661 [A] CGA 체결 Torque 설정값: 0 kgf·cm
2025-01-25 19:40:59,661 [A] CAP 체결 Torque 설정값: 43 kgf·cm
2025-01-25 19:40:59,661 [A] 실린더 Up/Down Pos 현재값: 27 mm
2025-01-25 19:40:59,661 [A] 실린더 Barcode Data: ?M8V1628XOIOOQB4WN6859WOOUVOMT
2025-01-25 19:40:59,661 [A] Port 가스 종류: [69, 10, 33, 41, 5]
2025-01-25 19:40:59,661 
=== B Port 데이터 ===
2025-01-25 19:40:59,661 [B] CGA 체결 Torque 설정값: 6 kgf·cm
2025-01-25 19:40:59,661 [B] CAP 체결 Torque 설정값: 56 kgf·cm
2025-01-25 19:40:59,661 [B] 실린더 Up/Down Pos 현재값: 37 mm
2025-01-25 19:40:59,662 [B] 실린더 Barcode Data: THDGO0XV9WSV7NXPO28OQOLCZ4HHIB
2025-01-25 19:40:59,662 [B] Port 가스 종류: [11, 45, 41, 11, 35]
2025-01-25 19:40:59,662 
=== Gas Cabinet Bit Area Data ===
2025-01-25 19:40:59,662 
[100] 기본 신호:
2025-01-25 19:40:59,662 EMG Signal: True
2025-01-25 19:40:59,662 Heart Bit: False
2025-01-25 19:40:59,662 Run/Stop Signal: False
2025-01-25 19:40:59,663 Server Connected Bit: True
2025-01-25 19:40:59,663 T-LAMP RED: True
2025-01-25 19:40:59,663 T-LAMP YELLOW: False
2025-01-25 19:40:59,663 T-LAMP GREEN: False
2025-01-25 19:40:59,663 Touch 수동동작中 Signal: False
2025-01-25 19:40:59,663 
[101] 밸브 상태:
2025-01-25 19:40:59,663 AV1A: True
2025-01-25 19:40:59,663 AV2A: True
2025-01-25 19:40:59,663 AV3A: True
2025-01-25 19:40:59,663 AV4A: False
2025-01-25 19:40:59,664 AV5A: False
2025-01-25 19:40:59,664 AV1B: True
2025-01-25 19:40:59,664 AV2B: False
2025-01-25 19:40:59,664 AV3B: True
2025-01-25 19:40:59,664 AV4B: False
2025-01-25 19:40:59,664 AV5B: False
2025-01-25 19:40:59,664 AV7: False
2025-01-25 19:40:59,664 AV8: False
2025-01-25 19:40:59,664 AV9: False
2025-01-25 19:40:59,664 
[102] 센서 및 릴레이 상태:
2025-01-25 19:40:59,664 JACKET HEATER A RELAY: True
2025-01-25 19:40:59,664 LINE HEATER A RELAY: True
2025-01-25 19:40:59,665 JACKET HEATER B RELAY: False
2025-01-25 19:40:59,665 LINE HEATER B RELAY: True
2025-01-25 19:40:59,665 GAS LEAK SHUT DOWN: True
2025-01-25 19:40:59,665 VMB STOP SIGNAL: False
2025-01-25 19:40:59,665 UV/IR SENSOR: False
2025-01-25 19:40:59,665 HIGH TEMP SENSOR: False
2025-01-25 19:40:59,665 SMOKE SENSOR: False
2025-01-25 19:40:59,665 
[103] Port 요청 상태:
2025-01-25 19:40:59,665 [A] Port Insert Request: True
2025-01-25 19:40:59,665 [A] Port Insert Complete: False
2025-01-25 19:40:59,665 [A] Port Remove Request: True
2025-01-25 19:40:59,665 [A] Port Remove Complete: False
2025-01-25 19:40:59,666 
[105] 실린더 및 도어 상태:
2025-01-25 19:40:59,666 [A] Port 실린더 유무: False
2025-01-25 19:40:59,666 [B] Port 실린더 유무: False
2025-01-25 19:40:59,666 Door Open 완료: False
2025-01-25 19:40:59,666 Door Close 완료: False
2025-01-25 19:40:59,666 
[110] A Port 작업 상태:
2025-01-25 19:40:59,666 [A] Close the Cylinder: False
2025-01-25 19:40:59,666 [A] 1st Purge before Exchange: False
2025-01-25 19:40:59,666 [A] Decompression Test: False
2025-01-25 19:40:59,666 [A] 2nd Purge before Exchange: False
2025-01-25 19:40:59,667 [A] Exchange Cylinder: False
2025-01-25 19:40:59,667 [A] 1st Purge after Exchange: False
2025-01-25 19:40:59,667 [A] Pressure Test: False
2025-01-25 19:40:59,667 [A] 2nd Purge after Exchange: False
2025-01-25 19:40:59,667 [A] Purge Completed: False
2025-01-25 19:40:59,667 [A] Prepare to Supply: False
2025-01-25 19:40:59,667 [A] Gas Supply AV3 Open/Close Choose: False
2025-01-25 19:40:59,667 [A] Gas Supply: False
2025-01-25 19:40:59,668 [A] Ready to Supply: False
2025-01-25 19:40:59,668 
[115] B Port 작업 상태:
2025-01-25 19:40:59,668 [B] Close the Cylinder: False
2025-01-25 19:40:59,668 [B] 1st Purge before Exchange: False
2025-01-25 19:40:59,668 [B] Decompression Test: False
2025-01-25 19:40:59,668 [B] 2nd Purge before Exchange: False
2025-01-25 19:40:59,668 [B] Exchange Cylinder: False
2025-01-25 19:40:59,668 [B] 1st Purge after Exchange: False
2025-01-25 19:40:59,668 [B] Pressure Test: False
2025-01-25 19:40:59,668 [B] 2nd Purge after Exchange: False
2025-01-25 19:40:59,668 [B] Purge Completed: False
2025-01-25 19:40:59,669 [B] Prepare to Supply: False
2025-01-25 19:40:59,669 [B] Gas Supply AV3 Open/Close Choose: False
2025-01-25 19:40:59,669 [B] Gas Supply: False
2025-01-25 19:40:59,669 [B] Ready to Supply: False
2025-01-25 19:40:59,669 
[116] B Port 상세 상태:
2025-01-25 19:40:59,669 [B] Cylinder Ready: False
2025-01-25 19:40:59,669 [B] CGA Disconnect Complete: False
2025-01-25 19:40:59,669 [B] CGA Connect Complete: True
2025-01-25 19:40:59,669 [B] Cylinder Valve Open Complete: False
2025-01-25 19:40:59,670 [B] Cylinder Valve Close Complete: False
2025-01-25 19:40:59,670 [B] Cylinder Valve Open Status: True
2025-01-25 19:40:59,670 [B] Cylinder Lift Unit Ready: True
2025-01-25 19:40:59,670 [B] Cylinder Lift Unit Moving Up: False
2025-01-25 19:40:59,670 [B] Cylinder Lift Unit Moving Down: True
2025-01-25 19:40:59,670 [B] CGA Separation In Progress: True
2025-01-25 19:40:59,670 [B] CGA Connection In Progress: True
2025-01-25 19:40:59,670 [B] Cylinder Cap Separation In Progress: True
2025-01-25 19:40:59,671 [B] Cylinder Valve Open In Progress: False
2025-01-25 19:40:59,671 [B] Cylinder Valve Close In Progress: False
2025-01-25 19:40:59,671 [B] Cylinder Alignment In Progress: False
2025-01-25 19:40:59,671 [B] Cylinder Turn In Progress: False
2025-01-25 19:40:59,671 
[117] B Port 추가 상태:
2025-01-25 19:40:59,671 [B] Cylinder Turn Complete: False
2025-01-25 19:40:59,671 [B] Cylinder Clamp Complete: True
2025-01-25 19:40:59,671 [B] CGA Connect Complete Status: True
2025-01-25 19:41:04,689 
=== Gas Cabinet PLC Data Area ===
2025-01-25 19:41:04,691 Bunker ID: 0
2025-01-25 19:41:04,692 Gas Cabinet ID: 4
2025-01-25 19:41:04,693 Gas Cabinet 가스 종류: [15, 44, 45, 2, 18]
2025-01-25 19:41:04,694 
=== 시스템 상태 ===
2025-01-25 19:41:04,695 SEND AND RECEIVE FOR MACHINE CODE: 16
2025-01-25 19:41:04,696 Gas Cabinet Alarm Code: 72
2025-01-25 19:41:04,697 Gas Cabinet Alarm Message: Unknown Alarm Code
2025-01-25 19:41:04,697 
=== 센서 데이터 ===
2025-01-25 19:41:04,698 PT1A: 0 PSI
2025-01-25 19:41:04,699 PT2A: 165 PSI
2025-01-25 19:41:04,700 PT1B: 905 PSI
2025-01-25 19:41:04,700 PT2B: 645 PSI
2025-01-25 19:41:04,700 PT3: 366 PSI
2025-01-25 19:41:04,701 PT4: 946 PSI
2025-01-25 19:41:04,702 WA (A Port Weight): 72 kg
2025-01-25 19:41:04,702 WB (B Port Weight): 37 kg
2025-01-25 19:41:04,702 
=== 히터 상태 ===
2025-01-25 19:41:04,703 [A] JACKET HEATER: 75°C
2025-01-25 19:41:04,703 [A] LINE HEATER: 11°C
2025-01-25 19:41:04,703 [B] JACKET HEATER: 11°C
2025-01-25 19:41:04,704 [B] LINE HEATER: 90°C
2025-01-25 19:41:04,704 
=== A Port 데이터 ===
2025-01-25 19:41:04,704 [A] CGA 체결 Torque 설정값: 0 kgf·cm
2025-01-25 19:41:04,704 [A] CAP 체결 Torque 설정값: 51 kgf·cm
2025-01-25 19:41:04,705 [A] 실린더 Up/Down Pos 현재값: 86 mm
2025-01-25 19:41:04,705 [A] 실린더 Barcode Data: ?PNQXG4UAYE9XRXX71WRGGR79H0D8Z
2025-01-25 19:41:04,705 [A] Port 가스 종류: [51, 35, 23, 18, 43]
2025-01-25 19:41:04,705 
=== B Port 데이터 ===
2025-01-25 19:41:04,705 [B] CGA 체결 Torque 설정값: 86 kgf·cm
2025-01-25 19:41:04,705 [B] CAP 체결 Torque 설정값: 3 kgf·cm
2025-01-25 19:41:04,705 [B] 실린더 Up/Down Pos 현재값: 81 mm
2025-01-25 19:41:04,705 [B] 실린더 Barcode Data: P9V8RDVACVO9TPXVZIQEIAAOQLBZ3C
2025-01-25 19:41:04,705 [B] Port 가스 종류: [30, 46, 18, 7, 43]
2025-01-25 19:41:04,705 
=== Gas Cabinet Bit Area Data ===
2025-01-25 19:41:04,706 
[100] 기본 신호:
2025-01-25 19:41:04,706 EMG Signal: False
2025-01-25 19:41:04,706 Heart Bit: False
2025-01-25 19:41:04,706 Run/Stop Signal: False
2025-01-25 19:41:04,706 Server Connected Bit: True
2025-01-25 19:41:04,706 T-LAMP RED: False
2025-01-25 19:41:04,706 T-LAMP YELLOW: False
2025-01-25 19:41:04,706 T-LAMP GREEN: False
2025-01-25 19:41:04,706 Touch 수동동작中 Signal: False
2025-01-25 19:41:04,707 
[101] 밸브 상태:
2025-01-25 19:41:04,707 AV1A: False
2025-01-25 19:41:04,707 AV2A: True
2025-01-25 19:41:04,707 AV3A: True
2025-01-25 19:41:04,708 AV4A: True
2025-01-25 19:41:04,708 AV5A: True
2025-01-25 19:41:04,708 AV1B: True
2025-01-25 19:41:04,708 AV2B: False
2025-01-25 19:41:04,708 AV3B: True
2025-01-25 19:41:04,709 AV4B: False
2025-01-25 19:41:04,709 AV5B: False
2025-01-25 19:41:04,709 AV7: False
2025-01-25 19:41:04,709 AV8: False
2025-01-25 19:41:04,709 AV9: False
2025-01-25 19:41:04,709 
[102] 센서 및 릴레이 상태:
2025-01-25 19:41:04,709 JACKET HEATER A RELAY: True
2025-01-25 19:41:04,710 LINE HEATER A RELAY: False
2025-01-25 19:41:04,710 JACKET HEATER B RELAY: True
2025-01-25 19:41:04,710 LINE HEATER B RELAY: True
2025-01-25 19:41:04,710 GAS LEAK SHUT DOWN: False
2025-01-25 19:41:04,710 VMB STOP SIGNAL: True
2025-01-25 19:41:04,710 UV/IR SENSOR: True
2025-01-25 19:41:04,710 HIGH TEMP SENSOR: False
2025-01-25 19:41:04,710 SMOKE SENSOR: False
2025-01-25 19:41:04,710 
[103] Port 요청 상태:
2025-01-25 19:41:04,710 [A] Port Insert Request: False
2025-01-25 19:41:04,710 [A] Port Insert Complete: False
2025-01-25 19:41:04,710 [A] Port Remove Request: False
2025-01-25 19:41:04,711 [A] Port Remove Complete: False
2025-01-25 19:41:04,711 
[105] 실린더 및 도어 상태:
2025-01-25 19:41:04,711 [A] Port 실린더 유무: False
2025-01-25 19:41:04,711 [B] Port 실린더 유무: False
2025-01-25 19:41:04,711 Door Open 완료: False
2025-01-25 19:41:04,711 Door Close 완료: False
2025-01-25 19:41:04,711 
[110] A Port 작업 상태:
2025-01-25 19:41:04,711 [A] Close the Cylinder: False
2025-01-25 19:41:04,711 [A] 1st Purge before Exchange: False
2025-01-25 19:41:04,711 [A] Decompression Test: False
2025-01-25 19:41:04,711 [A] 2nd Purge before Exchange: False
2025-01-25 19:41:04,711 [A] Exchange Cylinder: False
2025-01-25 19:41:04,712 [A] 1st Purge after Exchange: False
2025-01-25 19:41:04,712 [A] Pressure Test: False
2025-01-25 19:41:04,712 [A] 2nd Purge after Exchange: False
2025-01-25 19:41:04,712 [A] Purge Completed: False
2025-01-25 19:41:04,712 [A] Prepare to Supply: False
2025-01-25 19:41:04,712 [A] Gas Supply AV3 Open/Close Choose: False
2025-01-25 19:41:04,712 [A] Gas Supply: False
2025-01-25 19:41:04,712 [A] Ready to Supply: False
2025-01-25 19:41:04,712 
[115] B Port 작업 상태:
2025-01-25 19:41:04,713 [B] Close the Cylinder: False
2025-01-25 19:41:04,713 [B] 1st Purge before Exchange: False
2025-01-25 19:41:04,713 [B] Decompression Test: False
2025-01-25 19:41:04,713 [B] 2nd Purge before Exchange: False
2025-01-25 19:41:04,713 [B] Exchange Cylinder: False
2025-01-25 19:41:04,713 [B] 1st Purge after Exchange: False
2025-01-25 19:41:04,713 [B] Pressure Test: False
2025-01-25 19:41:04,713 [B] 2nd Purge after Exchange: False
2025-01-25 19:41:04,713 [B] Purge Completed: False
2025-01-25 19:41:04,714 [B] Prepare to Supply: False
2025-01-25 19:41:04,714 [B] Gas Supply AV3 Open/Close Choose: False
2025-01-25 19:41:04,714 [B] Gas Supply: False
2025-01-25 19:41:04,714 [B] Ready to Supply: False
2025-01-25 19:41:04,714 
[116] B Port 상세 상태:
2025-01-25 19:41:04,714 [B] Cylinder Ready: True
2025-01-25 19:41:04,714 [B] CGA Disconnect Complete: False
2025-01-25 19:41:04,714 [B] CGA Connect Complete: False
2025-01-25 19:41:04,714 [B] Cylinder Valve Open Complete: True
2025-01-25 19:41:04,714 [B] Cylinder Valve Close Complete: False
2025-01-25 19:41:04,714 [B] Cylinder Valve Open Status: True
2025-01-25 19:41:04,715 [B] Cylinder Lift Unit Ready: False
2025-01-25 19:41:04,715 [B] Cylinder Lift Unit Moving Up: False
2025-01-25 19:41:04,715 [B] Cylinder Lift Unit Moving Down: True
2025-01-25 19:41:04,715 [B] CGA Separation In Progress: True
2025-01-25 19:41:04,715 [B] CGA Connection In Progress: False
2025-01-25 19:41:04,715 [B] Cylinder Cap Separation In Progress: False
2025-01-25 19:41:04,715 [B] Cylinder Valve Open In Progress: True
2025-01-25 19:41:04,715 [B] Cylinder Valve Close In Progress: False
2025-01-25 19:41:04,715 [B] Cylinder Alignment In Progress: False
2025-01-25 19:41:04,715 [B] Cylinder Turn In Progress: False
2025-01-25 19:41:04,715 
[117] B Port 추가 상태:
2025-01-25 19:41:04,716 [B] Cylinder Turn Complete: True
2025-01-25 19:41:04,716 [B] Cylinder Clamp Complete: False
2025-01-25 19:41:04,716 [B] CGA Connect Complete Status: False
2025-01-25 19:41:09,735 
=== Gas Cabinet PLC Data Area ===
2025-01-25 19:41:09,737 Bunker ID: 0
2025-01-25 19:41:09,738 Gas Cabinet ID: 8
2025-01-25 19:41:09,739 Gas Cabinet 가스 종류: [24, 48, 27, 16, 9]
2025-01-25 19:41:09,740 
=== 시스템 상태 ===
2025-01-25 19:41:09,741 SEND AND RECEIVE FOR MACHINE CODE: 16
2025-01-25 19:41:09,743 Gas Cabinet Alarm Code: 87
2025-01-25 19:41:09,744 Gas Cabinet Alarm Message: Unknown Alarm Code
2025-01-25 19:41:09,744 
=== 센서 데이터 ===
2025-01-25 19:41:09,745 PT1A: 0 PSI
2025-01-25 19:41:09,746 PT2A: 342 PSI
2025-01-25 19:41:09,746 PT1B: 707 PSI
2025-01-25 19:41:09,747 PT2B: 586 PSI
2025-01-25 19:41:09,747 PT3: 623 PSI
2025-01-25 19:41:09,748 PT4: 722 PSI
2025-01-25 19:41:09,748 WA (A Port Weight): 311 kg
2025-01-25 19:41:09,748 WB (B Port Weight): 64 kg
2025-01-25 19:41:09,749 
=== 히터 상태 ===
2025-01-25 19:41:09,749 [A] JACKET HEATER: 40°C
2025-01-25 19:41:09,749 [A] LINE HEATER: 11°C
2025-01-25 19:41:09,749 [B] JACKET HEATER: 1°C
2025-01-25 19:41:09,749 [B] LINE HEATER: 25°C
2025-01-25 19:41:09,750 
=== A Port 데이터 ===
2025-01-25 19:41:09,750 [A] CGA 체결 Torque 설정값: 0 kgf·cm
2025-01-25 19:41:09,750 [A] CAP 체결 Torque 설정값: 33 kgf·cm
2025-01-25 19:41:09,750 [A] 실린더 Up/Down Pos 현재값: 78 mm
2025-01-25 19:41:09,750 [A] 실린더 Barcode Data: qHDLDKQG67XVSZA9HL5Z4M4S6UPIST
2025-01-25 19:41:09,750 [A] Port 가스 종류: [51, 40, 33, 50, 41]
2025-01-25 19:41:09,750 
=== B Port 데이터 ===
2025-01-25 19:41:09,751 [B] CGA 체결 Torque 설정값: 225 kgf·cm
2025-01-25 19:41:09,751 [B] CAP 체결 Torque 설정값: 54 kgf·cm
2025-01-25 19:41:09,751 [B] 실린더 Up/Down Pos 현재값: 72 mm
2025-01-25 19:41:09,751 [B] 실린더 Barcode Data: X2YSTZR17L04CX8DFKMGF8EAXYOC9I
2025-01-25 19:41:09,751 [B] Port 가스 종류: [50, 16, 29, 48, 2]
2025-01-25 19:41:09,751 
=== Gas Cabinet Bit Area Data ===
2025-01-25 19:41:09,751 
[100] 기본 신호:
2025-01-25 19:41:09,751 EMG Signal: True
2025-01-25 19:41:09,751 Heart Bit: False
2025-01-25 19:41:09,752 Run/Stop Signal: False
2025-01-25 19:41:09,752 Server Connected Bit: False
2025-01-25 19:41:09,752 T-LAMP RED: True
2025-01-25 19:41:09,752 T-LAMP YELLOW: False
2025-01-25 19:41:09,752 T-LAMP GREEN: False
2025-01-25 19:41:09,752 Touch 수동동작中 Signal: False
2025-01-25 19:41:09,752 
[101] 밸브 상태:
2025-01-25 19:41:09,752 AV1A: False
2025-01-25 19:41:09,753 AV2A: True
2025-01-25 19:41:09,753 AV3A: True
2025-01-25 19:41:09,753 AV4A: False
2025-01-25 19:41:09,753 AV5A: False
2025-01-25 19:41:09,754 AV1B: True
2025-01-25 19:41:09,754 AV2B: False
2025-01-25 19:41:09,754 AV3B: False
2025-01-25 19:41:09,754 AV4B: False
2025-01-25 19:41:09,754 AV5B: False
2025-01-25 19:41:09,754 AV7: False
2025-01-25 19:41:09,754 AV8: False
2025-01-25 19:41:09,754 AV9: False
2025-01-25 19:41:09,755 
[102] 센서 및 릴레이 상태:
2025-01-25 19:41:09,755 JACKET HEATER A RELAY: False
2025-01-25 19:41:09,755 LINE HEATER A RELAY: True
2025-01-25 19:41:09,755 JACKET HEATER B RELAY: False
2025-01-25 19:41:09,755 LINE HEATER B RELAY: True
2025-01-25 19:41:09,755 GAS LEAK SHUT DOWN: True
2025-01-25 19:41:09,755 VMB STOP SIGNAL: True
2025-01-25 19:41:09,755 UV/IR SENSOR: False
2025-01-25 19:41:09,755 HIGH TEMP SENSOR: False
2025-01-25 19:41:09,756 SMOKE SENSOR: True
2025-01-25 19:41:09,756 
[103] Port 요청 상태:
2025-01-25 19:41:09,756 [A] Port Insert Request: False
2025-01-25 19:41:09,756 [A] Port Insert Complete: False
2025-01-25 19:41:09,756 [A] Port Remove Request: True
2025-01-25 19:41:09,756 [A] Port Remove Complete: True
2025-01-25 19:41:09,756 
[105] 실린더 및 도어 상태:
2025-01-25 19:41:09,756 [A] Port 실린더 유무: False
2025-01-25 19:41:09,756 [B] Port 실린더 유무: False
2025-01-25 19:41:09,756 Door Open 완료: False
2025-01-25 19:41:09,756 Door Close 완료: False
2025-01-25 19:41:09,756 
[110] A Port 작업 상태:
2025-01-25 19:41:09,757 [A] Close the Cylinder: False
2025-01-25 19:41:09,757 [A] 1st Purge before Exchange: False
2025-01-25 19:41:09,757 [A] Decompression Test: False
2025-01-25 19:41:09,757 [A] 2nd Purge before Exchange: False
2025-01-25 19:41:09,757 [A] Exchange Cylinder: False
2025-01-25 19:41:09,757 [A] 1st Purge after Exchange: False
2025-01-25 19:41:09,757 [A] Pressure Test: False
2025-01-25 19:41:09,757 [A] 2nd Purge after Exchange: False
2025-01-25 19:41:09,757 [A] Purge Completed: False
2025-01-25 19:41:09,757 [A] Prepare to Supply: False
2025-01-25 19:41:09,757 [A] Gas Supply AV3 Open/Close Choose: False
2025-01-25 19:41:09,757 [A] Gas Supply: False
2025-01-25 19:41:09,757 [A] Ready to Supply: False
2025-01-25 19:41:09,758 
[115] B Port 작업 상태:
2025-01-25 19:41:09,758 [B] Close the Cylinder: False
2025-01-25 19:41:09,758 [B] 1st Purge before Exchange: False
2025-01-25 19:41:09,758 [B] Decompression Test: False
2025-01-25 19:41:09,758 [B] 2nd Purge before Exchange: False
2025-01-25 19:41:09,758 [B] Exchange Cylinder: False
2025-01-25 19:41:09,758 [B] 1st Purge after Exchange: False
2025-01-25 19:41:09,758 [B] Pressure Test: False
2025-01-25 19:41:09,758 [B] 2nd Purge after Exchange: False
2025-01-25 19:41:09,758 [B] Purge Completed: False
2025-01-25 19:41:09,759 [B] Prepare to Supply: False
2025-01-25 19:41:09,759 [B] Gas Supply AV3 Open/Close Choose: False
2025-01-25 19:41:09,759 [B] Gas Supply: False
2025-01-25 19:41:09,759 [B] Ready to Supply: False
2025-01-25 19:41:09,759 
[116] B Port 상세 상태:
2025-01-25 19:41:09,759 [B] Cylinder Ready: False
2025-01-25 19:41:09,759 [B] CGA Disconnect Complete: False
2025-01-25 19:41:09,759 [B] CGA Connect Complete: False
2025-01-25 19:41:09,759 [B] Cylinder Valve Open Complete: True
2025-01-25 19:41:09,760 [B] Cylinder Valve Close Complete: True
2025-01-25 19:41:09,760 [B] Cylinder Valve Open Status: False
2025-01-25 19:41:09,760 [B] Cylinder Lift Unit Ready: True
2025-01-25 19:41:09,760 [B] Cylinder Lift Unit Moving Up: True
2025-01-25 19:41:09,760 [B] Cylinder Lift Unit Moving Down: True
2025-01-25 19:41:09,760 [B] CGA Separation In Progress: False
2025-01-25 19:41:09,760 [B] CGA Connection In Progress: False
2025-01-25 19:41:09,760 [B] Cylinder Cap Separation In Progress: True
2025-01-25 19:41:09,760 [B] Cylinder Valve Open In Progress: False
2025-01-25 19:41:09,761 [B] Cylinder Valve Close In Progress: False
2025-01-25 19:41:09,761 [B] Cylinder Alignment In Progress: False
2025-01-25 19:41:09,761 [B] Cylinder Turn In Progress: False
2025-01-25 19:41:09,761 
[117] B Port 추가 상태:
2025-01-25 19:41:09,761 [B] Cylinder Turn Complete: False
2025-01-25 19:41:09,761 [B] Cylinder Clamp Complete: False
2025-01-25 19:41:09,761 [B] CGA Connect Complete Status: False
2025-01-25 19:41:14,779 
=== Gas Cabinet PLC Data Area ===
2025-01-25 19:41:14,780 Bunker ID: 0
2025-01-25 19:41:14,780 Gas Cabinet ID: 7
2025-01-25 19:41:14,781 Gas Cabinet 가스 종류: [9, 38, 11, 1, 10]
2025-01-25 19:41:14,781 
=== 시스템 상태 ===
2025-01-25 19:41:14,781 SEND AND RECEIVE FOR MACHINE CODE: 29
2025-01-25 19:41:14,782 Gas Cabinet Alarm Code: 231
2025-01-25 19:41:14,782 Gas Cabinet Alarm Message: [B Port] PT1 STAND-BY 저압 알람
2025-01-25 19:41:14,782 
=== 센서 데이터 ===
2025-01-25 19:41:14,782 PT1A: 0 PSI
2025-01-25 19:41:14,783 PT2A: 859 PSI
2025-01-25 19:41:14,783 PT1B: 455 PSI
2025-01-25 19:41:14,783 PT2B: 615 PSI
2025-01-25 19:41:14,783 PT3: 91 PSI
2025-01-25 19:41:14,783 PT4: 580 PSI
2025-01-25 19:41:14,784 WA (A Port Weight): 808 kg
2025-01-25 19:41:14,784 WB (B Port Weight): 40 kg
2025-01-25 19:41:14,784 
=== 히터 상태 ===
2025-01-25 19:41:14,784 [A] JACKET HEATER: 6°C
2025-01-25 19:41:14,784 [A] LINE HEATER: 51°C
2025-01-25 19:41:14,784 [B] JACKET HEATER: 84°C
2025-01-25 19:41:14,785 [B] LINE HEATER: 40°C
2025-01-25 19:41:14,785 
=== A Port 데이터 ===
2025-01-25 19:41:14,785 [A] CGA 체결 Torque 설정값: 0 kgf·cm
2025-01-25 19:41:14,785 [A] CAP 체결 Torque 설정값: 37 kgf·cm
2025-01-25 19:41:14,785 [A] 실린더 Up/Down Pos 현재값: 43 mm
2025-01-25 19:41:14,785 [A] 실린더 Barcode Data: ?ZKQJ8UQ1TV0X1J0F6CODU7SLYA2B3
2025-01-25 19:41:14,786 [A] Port 가스 종류: [80, 48, 34, 12, 26]
2025-01-25 19:41:14,786 
=== B Port 데이터 ===
2025-01-25 19:41:14,786 [B] CGA 체결 Torque 설정값: 116 kgf·cm
2025-01-25 19:41:14,786 [B] CAP 체결 Torque 설정값: 34 kgf·cm
2025-01-25 19:41:14,787 [B] 실린더 Up/Down Pos 현재값: 2 mm
2025-01-25 19:41:14,787 [B] 실린더 Barcode Data: 5RAV5JHWY39JT9064JMGAQVRYQFHZ6
2025-01-25 19:41:14,788 [B] Port 가스 종류: [20, 26, 14, 42, 36]
2025-01-25 19:41:14,788 
=== Gas Cabinet Bit Area Data ===
2025-01-25 19:41:14,788 
[100] 기본 신호:
2025-01-25 19:41:14,788 EMG Signal: False
2025-01-25 19:41:14,788 Heart Bit: True
2025-01-25 19:41:14,788 Run/Stop Signal: False
2025-01-25 19:41:14,789 Server Connected Bit: True
2025-01-25 19:41:14,789 T-LAMP RED: True
2025-01-25 19:41:14,789 T-LAMP YELLOW: False
2025-01-25 19:41:14,789 T-LAMP GREEN: False
2025-01-25 19:41:14,789 Touch 수동동작中 Signal: False
2025-01-25 19:41:14,789 
[101] 밸브 상태:
2025-01-25 19:41:14,789 AV1A: False
2025-01-25 19:41:14,789 AV2A: True
2025-01-25 19:41:14,789 AV3A: True
2025-01-25 19:41:14,790 AV4A: False
2025-01-25 19:41:14,790 AV5A: True
2025-01-25 19:41:14,790 AV1B: False
2025-01-25 19:41:14,790 AV2B: True
2025-01-25 19:41:14,790 AV3B: False
2025-01-25 19:41:14,790 AV4B: False
2025-01-25 19:41:14,790 AV5B: False
2025-01-25 19:41:14,790 AV7: False
2025-01-25 19:41:14,791 AV8: False
2025-01-25 19:41:14,791 AV9: False
2025-01-25 19:41:14,791 
[102] 센서 및 릴레이 상태:
2025-01-25 19:41:14,791 JACKET HEATER A RELAY: True
2025-01-25 19:41:14,791 LINE HEATER A RELAY: True
2025-01-25 19:41:14,791 JACKET HEATER B RELAY: False
2025-01-25 19:41:14,791 LINE HEATER B RELAY: False
2025-01-25 19:41:14,791 GAS LEAK SHUT DOWN: True
2025-01-25 19:41:14,791 VMB STOP SIGNAL: True
2025-01-25 19:41:14,792 UV/IR SENSOR: True
2025-01-25 19:41:14,792 HIGH TEMP SENSOR: False
2025-01-25 19:41:14,792 SMOKE SENSOR: True
2025-01-25 19:41:14,792 
[103] Port 요청 상태:
2025-01-25 19:41:14,792 [A] Port Insert Request: False
2025-01-25 19:41:14,792 [A] Port Insert Complete: False
2025-01-25 19:41:14,792 [A] Port Remove Request: False
2025-01-25 19:41:14,793 [A] Port Remove Complete: True
2025-01-25 19:41:14,793 
[105] 실린더 및 도어 상태:
2025-01-25 19:41:14,793 [A] Port 실린더 유무: False
2025-01-25 19:41:14,793 [B] Port 실린더 유무: False
2025-01-25 19:41:14,793 Door Open 완료: False
2025-01-25 19:41:14,793 Door Close 완료: False
2025-01-25 19:41:14,793 
[110] A Port 작업 상태:
2025-01-25 19:41:14,793 [A] Close the Cylinder: False
2025-01-25 19:41:14,793 [A] 1st Purge before Exchange: False
2025-01-25 19:41:14,793 [A] Decompression Test: False
2025-01-25 19:41:14,794 [A] 2nd Purge before Exchange: False
2025-01-25 19:41:14,794 [A] Exchange Cylinder: False
2025-01-25 19:41:14,794 [A] 1st Purge after Exchange: False
2025-01-25 19:41:14,794 [A] Pressure Test: False
2025-01-25 19:41:14,794 [A] 2nd Purge after Exchange: False
2025-01-25 19:41:14,794 [A] Purge Completed: False
2025-01-25 19:41:14,795 [A] Prepare to Supply: False
2025-01-25 19:41:14,795 [A] Gas Supply AV3 Open/Close Choose: False
2025-01-25 19:41:14,795 [A] Gas Supply: False
2025-01-25 19:41:14,795 [A] Ready to Supply: False
2025-01-25 19:41:14,795 
[115] B Port 작업 상태:
2025-01-25 19:41:14,795 [B] Close the Cylinder: False
2025-01-25 19:41:14,795 [B] 1st Purge before Exchange: False
2025-01-25 19:41:14,795 [B] Decompression Test: False
2025-01-25 19:41:14,795 [B] 2nd Purge before Exchange: False
2025-01-25 19:41:14,796 [B] Exchange Cylinder: False
2025-01-25 19:41:14,796 [B] 1st Purge after Exchange: False
2025-01-25 19:41:14,796 [B] Pressure Test: False
2025-01-25 19:41:14,796 [B] 2nd Purge after Exchange: False
2025-01-25 19:41:14,796 [B] Purge Completed: False
2025-01-25 19:41:14,796 [B] Prepare to Supply: False
2025-01-25 19:41:14,796 [B] Gas Supply AV3 Open/Close Choose: False
2025-01-25 19:41:14,796 [B] Gas Supply: False
2025-01-25 19:41:14,796 [B] Ready to Supply: False
2025-01-25 19:41:14,796 
[116] B Port 상세 상태:
2025-01-25 19:41:14,797 [B] Cylinder Ready: False
2025-01-25 19:41:14,797 [B] CGA Disconnect Complete: False
2025-01-25 19:41:14,797 [B] CGA Connect Complete: False
2025-01-25 19:41:14,797 [B] Cylinder Valve Open Complete: True
2025-01-25 19:41:14,797 [B] Cylinder Valve Close Complete: True
2025-01-25 19:41:14,797 [B] Cylinder Valve Open Status: False
2025-01-25 19:41:14,797 [B] Cylinder Lift Unit Ready: False
2025-01-25 19:41:14,797 [B] Cylinder Lift Unit Moving Up: True
2025-01-25 19:41:14,797 [B] Cylinder Lift Unit Moving Down: False
2025-01-25 19:41:14,797 [B] CGA Separation In Progress: True
2025-01-25 19:41:14,798 [B] CGA Connection In Progress: False
2025-01-25 19:41:14,798 [B] Cylinder Cap Separation In Progress: True
2025-01-25 19:41:14,798 [B] Cylinder Valve Open In Progress: False
2025-01-25 19:41:14,798 [B] Cylinder Valve Close In Progress: False
2025-01-25 19:41:14,798 [B] Cylinder Alignment In Progress: False
2025-01-25 19:41:14,798 [B] Cylinder Turn In Progress: False
2025-01-25 19:41:14,798 
[117] B Port 추가 상태:
2025-01-25 19:41:14,798 [B] Cylinder Turn Complete: False
2025-01-25 19:41:14,798 [B] Cylinder Clamp Complete: True
2025-01-25 19:41:14,799 [B] CGA Connect Complete Status: True
2025-01-25 19:41:19,816 
=== Gas Cabinet PLC Data Area ===
2025-01-25 19:41:19,818 Bunker ID: 0
2025-01-25 19:41:19,819 Gas Cabinet ID: 7
2025-01-25 19:41:19,820 Gas Cabinet 가스 종류: [12, 2, 25, 10, 40]
2025-01-25 19:41:19,821 
=== 시스템 상태 ===
2025-01-25 19:41:19,822 SEND AND RECEIVE FOR MACHINE CODE: 28
2025-01-25 19:41:19,823 Gas Cabinet Alarm Code: 172
2025-01-25 19:41:19,824 Gas Cabinet Alarm Message: Unknown Alarm Code
2025-01-25 19:41:19,825 
=== 센서 데이터 ===
2025-01-25 19:41:19,825 PT1A: 0 PSI
2025-01-25 19:41:19,826 PT2A: 241 PSI
2025-01-25 19:41:19,826 PT1B: 985 PSI
2025-01-25 19:41:19,827 PT2B: 798 PSI
2025-01-25 19:41:19,827 PT3: 536 PSI
2025-01-25 19:41:19,828 PT4: 998 PSI
2025-01-25 19:41:19,828 WA (A Port Weight): 644 kg
2025-01-25 19:41:19,828 WB (B Port Weight): 32 kg
2025-01-25 19:41:19,828 
=== 히터 상태 ===
2025-01-25 19:41:19,828 [A] JACKET HEATER: 34°C
2025-01-25 19:41:19,829 [A] LINE HEATER: 91°C
2025-01-25 19:41:19,829 [B] JACKET HEATER: 32°C
2025-01-25 19:41:19,829 [B] LINE HEATER: 67°C
2025-01-25 19:41:19,829 
=== A Port 데이터 ===
2025-01-25 19:41:19,829 [A] CGA 체결 Torque 설정값: 0 kgf·cm
2025-01-25 19:41:19,830 [A] CAP 체결 Torque 설정값: 84 kgf·cm
2025-01-25 19:41:19,830 [A] 실린더 Up/Down Pos 현재값: 13 mm
2025-01-25 19:41:19,830 [A] 실린더 Barcode Data: ^098MW3DEND5NCPICHZCU5CL26OMBB
2025-01-25 19:41:19,830 [A] Port 가스 종류: [72, 14, 49, 1, 12]
2025-01-25 19:41:19,831 
=== B Port 데이터 ===
2025-01-25 19:41:19,831 [B] CGA 체결 Torque 설정값: 244 kgf·cm
2025-01-25 19:41:19,831 [B] CAP 체결 Torque 설정값: 25 kgf·cm
2025-01-25 19:41:19,831 [B] 실린더 Up/Down Pos 현재값: 58 mm
2025-01-25 19:41:19,831 [B] 실린더 Barcode Data: GV8WHEW5OG70E3STYPN6C2TH7NXF35
2025-01-25 19:41:19,832 [B] Port 가스 종류: [1, 22, 33, 10, 31]
2025-01-25 19:41:19,832 
=== Gas Cabinet Bit Area Data ===
2025-01-25 19:41:19,832 
[100] 기본 신호:
2025-01-25 19:41:19,832 EMG Signal: True
2025-01-25 19:41:19,832 Heart Bit: True
2025-01-25 19:41:19,832 Run/Stop Signal: True
2025-01-25 19:41:19,832 Server Connected Bit: False
2025-01-25 19:41:19,833 T-LAMP RED: True
2025-01-25 19:41:19,833 T-LAMP YELLOW: False
2025-01-25 19:41:19,833 T-LAMP GREEN: False
2025-01-25 19:41:19,833 Touch 수동동작中 Signal: False
2025-01-25 19:41:19,833 
[101] 밸브 상태:
2025-01-25 19:41:19,833 AV1A: False
2025-01-25 19:41:19,833 AV2A: True
2025-01-25 19:41:19,834 AV3A: True
2025-01-25 19:41:19,834 AV4A: False
2025-01-25 19:41:19,834 AV5A: False
2025-01-25 19:41:19,834 AV1B: False
2025-01-25 19:41:19,834 AV2B: False
2025-01-25 19:41:19,834 AV3B: False
2025-01-25 19:41:19,834 AV4B: False
2025-01-25 19:41:19,835 AV5B: False
2025-01-25 19:41:19,835 AV7: False
2025-01-25 19:41:19,835 AV8: False
2025-01-25 19:41:19,835 AV9: False
2025-01-25 19:41:19,835 
[102] 센서 및 릴레이 상태:
2025-01-25 19:41:19,835 JACKET HEATER A RELAY: True
2025-01-25 19:41:19,835 LINE HEATER A RELAY: True
2025-01-25 19:41:19,835 JACKET HEATER B RELAY: True
2025-01-25 19:41:19,835 LINE HEATER B RELAY: True
2025-01-25 19:41:19,836 GAS LEAK SHUT DOWN: True
2025-01-25 19:41:19,836 VMB STOP SIGNAL: False
2025-01-25 19:41:19,836 UV/IR SENSOR: False
2025-01-25 19:41:19,836 HIGH TEMP SENSOR: True
2025-01-25 19:41:19,836 SMOKE SENSOR: False
2025-01-25 19:41:19,837 
[103] Port 요청 상태:
2025-01-25 19:41:19,837 [A] Port Insert Request: False
2025-01-25 19:41:19,837 [A] Port Insert Complete: True
2025-01-25 19:41:19,837 [A] Port Remove Request: False
2025-01-25 19:41:19,837 [A] Port Remove Complete: True
2025-01-25 19:41:19,837 
[105] 실린더 및 도어 상태:
2025-01-25 19:41:19,837 [A] Port 실린더 유무: False
2025-01-25 19:41:19,837 [B] Port 실린더 유무: False
2025-01-25 19:41:19,837 Door Open 완료: False
2025-01-25 19:41:19,837 Door Close 완료: False
2025-01-25 19:41:19,838 
[110] A Port 작업 상태:
2025-01-25 19:41:19,838 [A] Close the Cylinder: False
2025-01-25 19:41:19,838 [A] 1st Purge before Exchange: False
2025-01-25 19:41:19,838 [A] Decompression Test: False
2025-01-25 19:41:19,838 [A] 2nd Purge before Exchange: False
2025-01-25 19:41:19,838 [A] Exchange Cylinder: False
2025-01-25 19:41:19,838 [A] 1st Purge after Exchange: False
2025-01-25 19:41:19,838 [A] Pressure Test: False
2025-01-25 19:41:19,838 [A] 2nd Purge after Exchange: False
2025-01-25 19:41:19,838 [A] Purge Completed: False
2025-01-25 19:41:19,838 [A] Prepare to Supply: False
2025-01-25 19:41:19,838 [A] Gas Supply AV3 Open/Close Choose: False
2025-01-25 19:41:19,839 [A] Gas Supply: False
2025-01-25 19:41:19,839 [A] Ready to Supply: False
2025-01-25 19:41:19,839 
[115] B Port 작업 상태:
2025-01-25 19:41:19,839 [B] Close the Cylinder: False
2025-01-25 19:41:19,839 [B] 1st Purge before Exchange: False
2025-01-25 19:41:19,839 [B] Decompression Test: False
2025-01-25 19:41:19,839 [B] 2nd Purge before Exchange: False
2025-01-25 19:41:19,840 [B] Exchange Cylinder: False
2025-01-25 19:41:19,840 [B] 1st Purge after Exchange: False
2025-01-25 19:41:19,840 [B] Pressure Test: False
2025-01-25 19:41:19,840 [B] 2nd Purge after Exchange: False
2025-01-25 19:41:19,840 [B] Purge Completed: False
2025-01-25 19:41:19,840 [B] Prepare to Supply: False
2025-01-25 19:41:19,840 [B] Gas Supply AV3 Open/Close Choose: False
2025-01-25 19:41:19,840 [B] Gas Supply: False
2025-01-25 19:41:19,840 [B] Ready to Supply: False
2025-01-25 19:41:19,840 
[116] B Port 상세 상태:
2025-01-25 19:41:19,840 [B] Cylinder Ready: False
2025-01-25 19:41:19,841 [B] CGA Disconnect Complete: True
2025-01-25 19:41:19,841 [B] CGA Connect Complete: False
2025-01-25 19:41:19,841 [B] Cylinder Valve Open Complete: True
2025-01-25 19:41:19,841 [B] Cylinder Valve Close Complete: True
2025-01-25 19:41:19,841 [B] Cylinder Valve Open Status: False
2025-01-25 19:41:19,841 [B] Cylinder Lift Unit Ready: True
2025-01-25 19:41:19,841 [B] Cylinder Lift Unit Moving Up: False
2025-01-25 19:41:19,841 [B] Cylinder Lift Unit Moving Down: False
2025-01-25 19:41:19,842 [B] CGA Separation In Progress: False
2025-01-25 19:41:19,842 [B] CGA Connection In Progress: True
2025-01-25 19:41:19,842 [B] Cylinder Cap Separation In Progress: True
2025-01-25 19:41:19,842 [B] Cylinder Valve Open In Progress: True
2025-01-25 19:41:19,842 [B] Cylinder Valve Close In Progress: False
2025-01-25 19:41:19,842 [B] Cylinder Alignment In Progress: False
2025-01-25 19:41:19,842 [B] Cylinder Turn In Progress: False
2025-01-25 19:41:19,842 
[117] B Port 추가 상태:
2025-01-25 19:41:19,842 [B] Cylinder Turn Complete: True
2025-01-25 19:41:19,842 [B] Cylinder Clamp Complete: True
2025-01-25 19:41:19,843 [B] CGA Connect Complete Status: False
